<?xml version="1.0" encoding="UTF-8"?>
<robot generator="Robot 5.0.1 (Python 3.9.13 on darwin)" generated="20230203 21:56:42.709" rpa="true" schemaversion="3">
<suite id="s1" name="Tasks" source="/Users/ys17/Desktop/Robocorp-Certificate-2-Not-Python/tasks.robot">
<test id="s1-t1" name="Minimal task" line="37">
<kw name="Log" library="BuiltIn">
<arg>Done.</arg>
<doc>Logs the given message with the given level.</doc>
<msg timestamp="20230203 21:56:45.885" level="INFO">Done.</msg>
<status status="PASS" starttime="20230203 21:56:45.884" endtime="20230203 21:56:45.896"/>
</kw>
<status status="PASS" starttime="20230203 21:56:45.879" endtime="20230203 21:56:45.905"/>
</test>
<doc>Orders robots from RobotSpareBin Industries Inc.
Saves the order HTML receipt as a PDF file.
Saves the screenshot of the ordered robot.
Embeds the screenshot of the robot to the PDF receipt.
Creates ZIP archive of the receipts and the images.</doc>
<status status="PASS" starttime="20230203 21:56:42.717" endtime="20230203 21:56:45.913"/>
</suite>
<statistics>
<total>
<stat pass="1" fail="0" skip="0">All Tasks</stat>
</total>
<tag>
</tag>
<suite>
<stat pass="1" fail="0" skip="0" id="s1" name="Tasks">Tasks</stat>
</suite>
</statistics>
<errors>
</errors>
</robot>
